<?xml version="1.0" encoding="UTF-8"?>
<!-- Generated by org.testng.reporters.JUnitReportReporter -->
<testsuite hostname="MBP-Dima" failures="0" tests="6" name="CalculatorTest" time="0.000" errors="0" timestamp="2021-10-21T11:41:53 EEST" skipped="0">
  <testcase classname="CalculatorTest" name="sumTestDateProvider" time="0.000"/>
  <system-out/>
  <testcase classname="CalculatorTest" name="sumTestDateProvider" time="0.000"/>
  <system-out/>
  <testcase classname="CalculatorTest" name="testSum2" time="0.000"/>
  <system-out/>
  <testcase classname="CalculatorTest" name="sumTestDateProvider" time="0.000"/>
  <system-out/>
  <testcase classname="CalculatorTest" name="testSum1" time="0.000"/>
  <system-out/>
  <testcase classname="CalculatorTest" name="testSum" time="0.000"/>
  <system-out/>
</testsuite> <!-- CalculatorTest -->
